{"level":"info","timestamp":"2026-05-16T13:19:32.633+0530","logger":"auth_service","caller":"http/handler.go:60","message":"user logged in","service":"auth-service","environment":"dev","user_id":"6d788968-7027-4dc2-be91-d4e8915d4c1b"}
{"level":"info","timestamp":"2026-05-16T13:19:32.633+0530","caller":"gin@v1.12.0/context.go:192","message":"http_request","service":"auth-service","environment":"dev","request_id":"fcde0d01-f1c3-4595-bf27-84afd1d6ff2b","method":"POST","path":"/v1/auth/login","ip":"::1","status":200,"latency":"59.722125ms"}
{"level":"info","timestamp":"2026-05-16T13:22:05.736+0530","caller":"gin@v1.12.0/context.go:192","message":"http_request","service":"auth-service","environment":"dev","request_id":"b47668f3-7183-4aa3-85ef-412d0c3f382f","method":"POST","path":"/v1/logs/search","ip":"::1","status":404,"latency":"248.792µs"}
{"level":"info","timestamp":"2026-05-16T13:22:20.461+0530","caller":"gin@v1.12.0/context.go:192","message":"http_request","service":"auth-service","environment":"dev","request_id":"f88eb322-f246-47b8-9cd8-9a8804811c32","method":"POST","path":"/v1/logs/search","ip":"127.0.0.1","status":404,"latency":"40.833µs"}
{"level":"info","timestamp":"2026-05-16T13:22:29.900+0530","caller":"server/main.go:65","message":"Received shutdown signal","service":"auth-service","environment":"dev","signal":"interrupt"}
{"level":"info","timestamp":"2026-05-16T13:22:29.901+0530","caller":"server/main.go:65","message":"Shutting down HTTP server...","service":"auth-service","environment":"dev"}
{"level":"info","timestamp":"2026-05-16T13:22:29.901+0530","caller":"server/main.go:65","message":"HTTP server exited gracefully","service":"auth-service","environment":"dev"}
{"level":"info","timestamp":"2026-05-16T13:22:35.712+0530","caller":"runtime/asm_arm64.s:1447","message":"HTTP server starting","service":"auth-service","environment":"dev","addr":":8080"}
{"level":"info","timestamp":"2026-05-16T13:22:37.084+0530","caller":"gin@v1.12.0/context.go:192","message":"http_request","service":"auth-service","environment":"dev","request_id":"25accc71-abd4-4d19-adba-bdf6e9175f60","method":"POST","path":"/v1/logs/search","ip":"::1","status":200,"latency":"56.981291ms"}
{"level":"info","timestamp":"2026-05-16T13:23:19.715+0530","caller":"gin@v1.12.0/context.go:192","message":"http_request","service":"auth-service","environment":"dev","request_id":"804daa7e-45ff-4e46-9bc7-72adc4a97da3","method":"POST","path":"/v1/logs/search","ip":"::1","status":200,"latency":"15.903333ms"}
{"level":"info","timestamp":"2026-05-16T13:24:14.093+0530","caller":"gin@v1.12.0/context.go:192","message":"http_request","service":"auth-service","environment":"dev","request_id":"c16e41a3-6b92-4e99-ae07-97d744dd0f5f","method":"POST","path":"/v1/logs/search","ip":"127.0.0.1","status":200,"latency":"9.180292ms"}
{"level":"info","timestamp":"2026-05-16T13:24:17.181+0530","caller":"gin@v1.12.0/context.go:192","message":"http_request","service":"auth-service","environment":"dev","request_id":"20916eea-97a0-4bcb-88d8-775752b17d5f","method":"POST","path":"/v1/logs/search","ip":"127.0.0.1","status":200,"latency":"8.139875ms"}
{"level":"info","timestamp":"2026-05-16T14:40:35.532+0530","caller":"server/main.go:65","message":"Received shutdown signal","service":"auth-service","environment":"dev","signal":"interrupt"}
{"level":"info","timestamp":"2026-05-16T14:40:35.533+0530","caller":"server/main.go:65","message":"Shutting down HTTP server...","service":"auth-service","environment":"dev"}
{"level":"info","timestamp":"2026-05-16T14:40:35.534+0530","caller":"server/main.go:65","message":"HTTP server exited gracefully","service":"auth-service","environment":"dev"}
{"level":"info","timestamp":"2026-05-16T20:17:21.824+0530","caller":"runtime/asm_arm64.s:1447","message":"HTTP server starting","service":"auth-service","environment":"dev","addr":":8080"}
{"level":"error","timestamp":"2026-05-16T20:17:29.588+0530","logger":"auth_service","caller":"http/handler.go:30","message":"register: create user failed","service":"auth-service","environment":"dev","email":"indal@example.com","error":"user lookup: ERROR: column \"role\" does not exist (SQLSTATE 42703)","stacktrace":"github.com/indalyadav56/logify/apps/backend/internal/auth/transport/http.(*AuthHandler).Register\n\t/Users/indal/Desktop/Workspace/logify/apps/backend/internal/auth/transport/http/handler.go:30\ngithub.com/gin-gonic/gin.(*Context).Next\n\t/Users/indal/go/pkg/mod/github.com/gin-gonic/gin@v1.12.0/context.go:192\ngithub.com/indalyadav56/logify/apps/backend/internal/server/http.(*Router).Setup.LoggerMiddleware.func3\n\t/Users/indal/Desktop/Workspace/logify/apps/backend/pkg/logger/middleware.go:29\ngithub.com/gin-gonic/gin.(*Context).Next\n\t/Users/indal/go/pkg/mod/github.com/gin-gonic/gin@v1.12.0/context.go:192\ngithub.com/gin-contrib/requestid.New.func2\n\t/Users/indal/go/pkg/mod/github.com/gin-contrib/requestid@v1.0.6/requestid.go:48\ngithub.com/gin-gonic/gin.(*Context).Next\n\t/Users/indal/go/pkg/mod/github.com/gin-gonic/gin@v1.12.0/context.go:192\ngithub.com/gin-gonic/gin.(*Engine).handleHTTPRequest\n\t/Users/indal/go/pkg/mod/github.com/gin-gonic/gin@v1.12.0/gin.go:722\ngithub.com/gin-gonic/gin.(*Engine).ServeHTTP\n\t/Users/indal/go/pkg/mod/github.com/gin-gonic/gin@v1.12.0/gin.go:672\nnet/http.serverHandler.ServeHTTP\n\t/opt/homebrew/Cellar/go/1.26.2/libexec/src/net/http/server.go:3311\nnet/http.(*conn).serve\n\t/opt/homebrew/Cellar/go/1.26.2/libexec/src/net/http/server.go:2073"}
{"level":"info","timestamp":"2026-05-16T20:17:29.589+0530","caller":"gin@v1.12.0/context.go:192","message":"http_request","service":"auth-service","environment":"dev","request_id":"ef5097d9-f23b-4cb3-b810-e2a9bad52bd2","method":"POST","path":"/v1/auth/register","ip":"::1","status":500,"latency":"4.328167ms"}
{"level":"info","timestamp":"2026-05-16T20:19:00.500+0530","caller":"server/main.go:65","message":"Received shutdown signal","service":"auth-service","environment":"dev","signal":"interrupt"}
{"level":"info","timestamp":"2026-05-16T20:19:00.500+0530","caller":"server/main.go:65","message":"Shutting down HTTP server...","service":"auth-service","environment":"dev"}
{"level":"info","timestamp":"2026-05-16T20:19:00.501+0530","caller":"server/main.go:65","message":"HTTP server exited gracefully","service":"auth-service","environment":"dev"}
{"level":"info","timestamp":"2026-05-16T20:19:08.838+0530","caller":"runtime/asm_arm64.s:1447","message":"HTTP server starting","service":"auth-service","environment":"dev","addr":":8080"}
{"level":"error","timestamp":"2026-05-16T20:19:16.509+0530","logger":"auth_service","caller":"http/handler.go:30","message":"register: create user failed","service":"auth-service","environment":"dev","email":"indal@example.com","error":"user lookup: ERROR: column \"role\" does not exist (SQLSTATE 42703)","stacktrace":"github.com/indalyadav56/logify/apps/backend/internal/auth/transport/http.(*AuthHandler).Register\n\t/Users/indal/Desktop/Workspace/logify/apps/backend/internal/auth/transport/http/handler.go:30\ngithub.com/gin-gonic/gin.(*Context).Next\n\t/Users/indal/go/pkg/mod/github.com/gin-gonic/gin@v1.12.0/context.go:192\ngithub.com/indalyadav56/logify/apps/backend/pkg/logger.LoggerMiddleware.func1\n\t/Users/indal/Desktop/Workspace/logify/apps/backend/pkg/logger/middleware.go:29\ngithub.com/gin-gonic/gin.(*Context).Next\n\t/Users/indal/go/pkg/mod/github.com/gin-gonic/gin@v1.12.0/context.go:192\ngithub.com/gin-contrib/requestid.New.func2\n\t/Users/indal/go/pkg/mod/github.com/gin-contrib/requestid@v1.0.6/requestid.go:48\ngithub.com/gin-gonic/gin.(*Context).Next\n\t/Users/indal/go/pkg/mod/github.com/gin-gonic/gin@v1.12.0/context.go:192\ngithub.com/gin-gonic/gin.(*Engine).handleHTTPRequest\n\t/Users/indal/go/pkg/mod/github.com/gin-gonic/gin@v1.12.0/gin.go:722\ngithub.com/gin-gonic/gin.(*Engine).ServeHTTP\n\t/Users/indal/go/pkg/mod/github.com/gin-gonic/gin@v1.12.0/gin.go:672\nnet/http.serverHandler.ServeHTTP\n\t/opt/homebrew/Cellar/go/1.26.2/libexec/src/net/http/server.go:3311\nnet/http.(*conn).serve\n\t/opt/homebrew/Cellar/go/1.26.2/libexec/src/net/http/server.go:2073"}
{"level":"info","timestamp":"2026-05-16T20:19:16.510+0530","caller":"gin@v1.12.0/context.go:192","message":"http_request","service":"auth-service","environment":"dev","request_id":"045b1e08-4239-420a-a3a4-21591553e41e","method":"POST","path":"/v1/auth/register","ip":"::1","status":500,"latency":"7.749625ms"}
{"level":"info","timestamp":"2026-05-16T20:26:51.854+0530","caller":"runtime/asm_arm64.s:1447","message":"HTTP server starting","service":"auth-service","environment":"dev","addr":":8080"}
{"level":"info","timestamp":"2026-05-16T20:27:31.178+0530","caller":"server/main.go:65","message":"Received shutdown signal","service":"auth-service","environment":"dev","signal":"interrupt"}
{"level":"info","timestamp":"2026-05-16T20:27:31.179+0530","caller":"server/main.go:65","message":"Shutting down HTTP server...","service":"auth-service","environment":"dev"}
{"level":"info","timestamp":"2026-05-16T20:27:31.180+0530","caller":"server/main.go:65","message":"HTTP server exited gracefully","service":"auth-service","environment":"dev"}
{"level":"info","timestamp":"2026-05-16T20:27:34.878+0530","caller":"runtime/asm_arm64.s:1447","message":"HTTP server starting","service":"auth-service","environment":"dev","addr":":8080"}
{"level":"info","timestamp":"2026-05-16T20:29:39.051+0530","caller":"server/main.go:65","message":"Received shutdown signal","service":"auth-service","environment":"dev","signal":"interrupt"}
{"level":"info","timestamp":"2026-05-16T20:29:39.051+0530","caller":"server/main.go:65","message":"Shutting down HTTP server...","service":"auth-service","environment":"dev"}
{"level":"info","timestamp":"2026-05-16T20:29:39.051+0530","caller":"server/main.go:65","message":"HTTP server exited gracefully","service":"auth-service","environment":"dev"}
{"level":"info","timestamp":"2026-05-16T20:29:43.190+0530","caller":"runtime/asm_arm64.s:1447","message":"HTTP server starting","service":"auth-service","environment":"dev","addr":":8080"}
{"level":"info","timestamp":"2026-05-16T20:31:28.091+0530","caller":"server/main.go:65","message":"Received shutdown signal","service":"auth-service","environment":"dev","signal":"interrupt"}
{"level":"info","timestamp":"2026-05-16T20:31:28.091+0530","caller":"server/main.go:65","message":"Shutting down HTTP server...","service":"auth-service","environment":"dev"}
{"level":"info","timestamp":"2026-05-16T20:31:28.091+0530","caller":"server/main.go:65","message":"HTTP server exited gracefully","service":"auth-service","environment":"dev"}
{"level":"info","timestamp":"2026-05-16T20:31:35.157+0530","caller":"runtime/asm_arm64.s:1447","message":"HTTP server starting","service":"auth-service","environment":"dev","addr":":8080"}
{"level":"info","timestamp":"2026-05-16T20:35:26.777+0530","caller":"runtime/asm_arm64.s:1447","message":"HTTP server starting","service":"auth-service","environment":"dev","addr":":8080"}
{"level":"info","timestamp":"2026-05-16T20:35:49.146+0530","caller":"runtime/asm_arm64.s:1447","message":"HTTP server starting","service":"auth-service","environment":"dev","addr":":8080"}
{"level":"info","timestamp":"2026-05-16T20:36:27.403+0530","caller":"runtime/asm_arm64.s:1447","message":"HTTP server starting","service":"auth-service","environment":"dev","addr":":8080"}
{"level":"info","timestamp":"2026-05-16T20:37:57.193+0530","caller":"runtime/asm_arm64.s:1447","message":"HTTP server starting","service":"auth-service","environment":"dev","addr":":8080"}
{"level":"info","timestamp":"2026-05-16T20:38:36.447+0530","caller":"runtime/asm_arm64.s:1447","message":"HTTP server starting","service":"auth-service","environment":"dev","addr":":8080"}
{"level":"info","timestamp":"2026-05-16T20:39:27.878+0530","caller":"runtime/asm_arm64.s:1447","message":"HTTP server starting","service":"auth-service","environment":"dev","addr":":8080"}
{"level":"info","timestamp":"2026-05-16T20:39:53.547+0530","caller":"runtime/asm_arm64.s:1447","message":"HTTP server starting","service":"auth-service","environment":"dev","addr":":8080"}
{"level":"info","timestamp":"2026-05-16T20:40:27.863+0530","caller":"runtime/asm_arm64.s:1447","message":"HTTP server starting","service":"auth-service","environment":"dev","addr":":8080"}
{"level":"info","timestamp":"2026-05-16T20:40:58.346+0530","caller":"runtime/asm_arm64.s:1447","message":"HTTP server starting","service":"auth-service","environment":"dev","addr":":8080"}
{"level":"info","timestamp":"2026-05-16T20:42:18.716+0530","caller":"runtime/asm_arm64.s:1447","message":"HTTP server starting","service":"auth-service","environment":"dev","addr":":8080"}
{"level":"info","timestamp":"2026-05-16T20:47:45.447+0530","caller":"runtime/asm_arm64.s:1447","message":"HTTP server starting","service":"auth-service","environment":"dev","addr":":8080"}
{"level":"info","timestamp":"2026-05-16T20:47:46.904+0530","logger":"user_service","caller":"application/auth_service.go:45","message":"user created","service":"auth-service","environment":"dev","user_id":"c28f271e-c658-40cc-b651-08fae715bb0b"}
{"level":"info","timestamp":"2026-05-16T20:47:46.904+0530","logger":"auth_service","caller":"http/handler.go:30","message":"user registered","service":"auth-service","environment":"dev","user_id":"c28f271e-c658-40cc-b651-08fae715bb0b"}
{"level":"error","timestamp":"2026-05-16T20:48:08.475+0530","logger":"auth_service","caller":"http/handler.go:30","message":"register: create user failed","service":"auth-service","environment":"dev","email":"indal@example.com","error":"user with this email already exists","stacktrace":"github.com/indalyadav56/logify/apps/backend/internal/auth/transport/http.(*AuthHandler).Register\n\t/Users/indal/Desktop/Workspace/logify/apps/backend/internal/auth/transport/http/handler.go:30\ngithub.com/gin-gonic/gin.(*Context).Next\n\t/Users/indal/go/pkg/mod/github.com/gin-gonic/gin@v1.12.0/context.go:192\ngithub.com/indalyadav56/logify/apps/backend/internal/server/http.(*Router).Setup.LoggerMiddleware.func3\n\t/Users/indal/Desktop/Workspace/logify/apps/backend/pkg/logger/middleware.go:29\ngithub.com/gin-gonic/gin.(*Context).Next\n\t/Users/indal/go/pkg/mod/github.com/gin-gonic/gin@v1.12.0/context.go:192\ngithub.com/gin-contrib/requestid.New.func2\n\t/Users/indal/go/pkg/mod/github.com/gin-contrib/requestid@v1.0.6/requestid.go:48\ngithub.com/gin-gonic/gin.(*Context).Next\n\t/Users/indal/go/pkg/mod/github.com/gin-gonic/gin@v1.12.0/context.go:192\ngithub.com/gin-gonic/gin.(*Engine).handleHTTPRequest\n\t/Users/indal/go/pkg/mod/github.com/gin-gonic/gin@v1.12.0/gin.go:722\ngithub.com/gin-gonic/gin.(*Engine).ServeHTTP\n\t/Users/indal/go/pkg/mod/github.com/gin-gonic/gin@v1.12.0/gin.go:672\nnet/http.serverHandler.ServeHTTP\n\t/opt/homebrew/Cellar/go/1.26.2/libexec/src/net/http/server.go:3311\nnet/http.(*conn).serve\n\t/opt/homebrew/Cellar/go/1.26.2/libexec/src/net/http/server.go:2073"}
{"level":"info","timestamp":"2026-05-16T20:48:08.476+0530","caller":"gin@v1.12.0/context.go:192","message":"http_request","service":"auth-service","environment":"dev","request_id":"21eac53e-9b2a-46a0-862c-11fccc752604","method":"POST","path":"/v1/auth/register","ip":"::1","status":500,"latency":"4.535083ms"}
{"level":"error","timestamp":"2026-05-16T20:48:14.698+0530","logger":"auth_service","caller":"http/handler.go:30","message":"register: create user failed","service":"auth-service","environment":"dev","email":"indal@example.com","error":"user with this email already exists","stacktrace":"github.com/indalyadav56/logify/apps/backend/internal/auth/transport/http.(*AuthHandler).Register\n\t/Users/indal/Desktop/Workspace/logify/apps/backend/internal/auth/transport/http/handler.go:30\ngithub.com/gin-gonic/gin.(*Context).Next\n\t/Users/indal/go/pkg/mod/github.com/gin-gonic/gin@v1.12.0/context.go:192\ngithub.com/indalyadav56/logify/apps/backend/internal/server/http.(*Router).Setup.LoggerMiddleware.func3\n\t/Users/indal/Desktop/Workspace/logify/apps/backend/pkg/logger/middleware.go:29\ngithub.com/gin-gonic/gin.(*Context).Next\n\t/Users/indal/go/pkg/mod/github.com/gin-gonic/gin@v1.12.0/context.go:192\ngithub.com/gin-contrib/requestid.New.func2\n\t/Users/indal/go/pkg/mod/github.com/gin-contrib/requestid@v1.0.6/requestid.go:48\ngithub.com/gin-gonic/gin.(*Context).Next\n\t/Users/indal/go/pkg/mod/github.com/gin-gonic/gin@v1.12.0/context.go:192\ngithub.com/gin-gonic/gin.(*Engine).handleHTTPRequest\n\t/Users/indal/go/pkg/mod/github.com/gin-gonic/gin@v1.12.0/gin.go:722\ngithub.com/gin-gonic/gin.(*Engine).ServeHTTP\n\t/Users/indal/go/pkg/mod/github.com/gin-gonic/gin@v1.12.0/gin.go:672\nnet/http.serverHandler.ServeHTTP\n\t/opt/homebrew/Cellar/go/1.26.2/libexec/src/net/http/server.go:3311\nnet/http.(*conn).serve\n\t/opt/homebrew/Cellar/go/1.26.2/libexec/src/net/http/server.go:2073"}
{"level":"info","timestamp":"2026-05-16T20:48:14.698+0530","caller":"gin@v1.12.0/context.go:192","message":"http_request","service":"auth-service","environment":"dev","request_id":"a71c8770-7d85-417c-93b7-3a7be858a10a","method":"POST","path":"/v1/auth/register","ip":"::1","status":500,"latency":"1.55025ms"}
{"level":"info","timestamp":"2026-05-16T20:49:00.378+0530","caller":"server/main.go:65","message":"Received shutdown signal","service":"auth-service","environment":"dev","signal":"interrupt"}
{"level":"info","timestamp":"2026-05-16T20:49:00.380+0530","caller":"server/main.go:65","message":"Shutting down HTTP server...","service":"auth-service","environment":"dev"}
{"level":"info","timestamp":"2026-05-16T20:49:00.380+0530","caller":"server/main.go:65","message":"HTTP server exited gracefully","service":"auth-service","environment":"dev"}
{"level":"info","timestamp":"2026-05-16T20:49:07.392+0530","caller":"runtime/asm_arm64.s:1447","message":"HTTP server starting","service":"auth-service","environment":"dev","addr":":8080"}
{"level":"error","timestamp":"2026-05-16T20:49:08.813+0530","logger":"auth_service","caller":"http/handler.go:30","message":"register: create user failed","service":"auth-service","environment":"dev","email":"indal@example.com","error":"user with this email already exists","stacktrace":"github.com/indalyadav56/logify/apps/backend/internal/auth/transport/http.(*AuthHandler).Register\n\t/Users/indal/Desktop/Workspace/logify/apps/backend/internal/auth/transport/http/handler.go:30\ngithub.com/gin-gonic/gin.(*Context).Next\n\t/Users/indal/go/pkg/mod/github.com/gin-gonic/gin@v1.12.0/context.go:192\ngithub.com/indalyadav56/logify/apps/backend/internal/server/http.(*Router).Setup.LoggerMiddleware.func3\n\t/Users/indal/Desktop/Workspace/logify/apps/backend/pkg/logger/middleware.go:29\ngithub.com/gin-gonic/gin.(*Context).Next\n\t/Users/indal/go/pkg/mod/github.com/gin-gonic/gin@v1.12.0/context.go:192\ngithub.com/gin-contrib/requestid.New.func2\n\t/Users/indal/go/pkg/mod/github.com/gin-contrib/requestid@v1.0.6/requestid.go:48\ngithub.com/gin-gonic/gin.(*Context).Next\n\t/Users/indal/go/pkg/mod/github.com/gin-gonic/gin@v1.12.0/context.go:192\ngithub.com/gin-gonic/gin.(*Engine).handleHTTPRequest\n\t/Users/indal/go/pkg/mod/github.com/gin-gonic/gin@v1.12.0/gin.go:722\ngithub.com/gin-gonic/gin.(*Engine).ServeHTTP\n\t/Users/indal/go/pkg/mod/github.com/gin-gonic/gin@v1.12.0/gin.go:672\nnet/http.serverHandler.ServeHTTP\n\t/opt/homebrew/Cellar/go/1.26.2/libexec/src/net/http/server.go:3311\nnet/http.(*conn).serve\n\t/opt/homebrew/Cellar/go/1.26.2/libexec/src/net/http/server.go:2073"}
{"level":"info","timestamp":"2026-05-16T20:49:08.814+0530","caller":"gin@v1.12.0/context.go:192","message":"http_request","service":"auth-service","environment":"dev","request_id":"3e3e24e2-2fc3-45b4-bc8e-6ba9473b1438","method":"POST","path":"/v1/auth/register","ip":"::1","status":500,"latency":"6.495708ms"}
{"level":"info","timestamp":"2026-05-16T20:49:47.663+0530","caller":"server/main.go:65","message":"Received shutdown signal","service":"auth-service","environment":"dev","signal":"interrupt"}
{"level":"info","timestamp":"2026-05-16T20:49:47.663+0530","caller":"server/main.go:65","message":"Shutting down HTTP server...","service":"auth-service","environment":"dev"}
{"level":"info","timestamp":"2026-05-16T20:49:47.663+0530","caller":"server/main.go:65","message":"HTTP server exited gracefully","service":"auth-service","environment":"dev"}
{"level":"info","timestamp":"2026-05-16T20:49:55.408+0530","caller":"runtime/asm_arm64.s:1447","message":"HTTP server starting","service":"auth-service","environment":"dev","addr":":8080"}
{"level":"info","timestamp":"2026-05-16T20:50:29.497+0530","caller":"runtime/asm_arm64.s:1447","message":"HTTP server starting","service":"auth-service","environment":"dev","addr":":8080"}
{"level":"info","timestamp":"2026-05-16T20:50:40.123+0530","logger":"user_service","caller":"application/auth_service.go:44","message":"user created","service":"auth-service","environment":"dev","user_id":"bbb5f992-39e1-4ff8-938b-4183e0f08e6d"}
{"level":"info","timestamp":"2026-05-16T20:50:40.124+0530","logger":"auth_service","caller":"http/handler.go:30","message":"user registered","service":"auth-service","environment":"dev","user_id":"bbb5f992-39e1-4ff8-938b-4183e0f08e6d"}
{"level":"info","timestamp":"2026-05-16T20:53:56.469+0530","caller":"server/main.go:65","message":"Received shutdown signal","service":"auth-service","environment":"dev","signal":"interrupt"}
{"level":"info","timestamp":"2026-05-16T20:53:56.470+0530","caller":"server/main.go:65","message":"Shutting down HTTP server...","service":"auth-service","environment":"dev"}
{"level":"info","timestamp":"2026-05-16T20:53:56.470+0530","caller":"server/main.go:65","message":"HTTP server exited gracefully","service":"auth-service","environment":"dev"}
{"level":"info","timestamp":"2026-05-16T20:54:01.631+0530","caller":"runtime/asm_arm64.s:1447","message":"HTTP server starting","service":"auth-service","environment":"dev","addr":":8080"}
{"level":"error","timestamp":"2026-05-16T20:54:02.757+0530","logger":"auth_service","caller":"http/handler.go:30","message":"register: create user failed","service":"auth-service","environment":"dev","email":"indal123@example.com","error":"user with this email already exists","stacktrace":"github.com/indalyadav56/logify/apps/backend/internal/auth/transport/http.(*AuthHandler).Register\n\t/Users/indal/Desktop/Workspace/logify/apps/backend/internal/auth/transport/http/handler.go:30\ngithub.com/gin-gonic/gin.(*Context).Next\n\t/Users/indal/go/pkg/mod/github.com/gin-gonic/gin@v1.12.0/context.go:192\ngithub.com/indalyadav56/logify/apps/backend/internal/server/http.(*Router).Setup.LoggerMiddleware.func3\n\t/Users/indal/Desktop/Workspace/logify/apps/backend/pkg/logger/middleware.go:29\ngithub.com/gin-gonic/gin.(*Context).Next\n\t/Users/indal/go/pkg/mod/github.com/gin-gonic/gin@v1.12.0/context.go:192\ngithub.com/gin-contrib/requestid.New.func2\n\t/Users/indal/go/pkg/mod/github.com/gin-contrib/requestid@v1.0.6/requestid.go:48\ngithub.com/gin-gonic/gin.(*Context).Next\n\t/Users/indal/go/pkg/mod/github.com/gin-gonic/gin@v1.12.0/context.go:192\ngithub.com/gin-gonic/gin.(*Engine).handleHTTPRequest\n\t/Users/indal/go/pkg/mod/github.com/gin-gonic/gin@v1.12.0/gin.go:722\ngithub.com/gin-gonic/gin.(*Engine).ServeHTTP\n\t/Users/indal/go/pkg/mod/github.com/gin-gonic/gin@v1.12.0/gin.go:672\nnet/http.serverHandler.ServeHTTP\n\t/opt/homebrew/Cellar/go/1.26.2/libexec/src/net/http/server.go:3311\nnet/http.(*conn).serve\n\t/opt/homebrew/Cellar/go/1.26.2/libexec/src/net/http/server.go:2073"}
{"level":"info","timestamp":"2026-05-16T20:54:02.758+0530","caller":"gin@v1.12.0/context.go:192","message":"http_request","service":"auth-service","environment":"dev","request_id":"653b6c46-920f-4052-8334-cce7ae6e4882","method":"POST","path":"/v1/auth/register","ip":"::1","status":500,"latency":"6.331625ms"}
{"level":"info","timestamp":"2026-05-16T20:54:07.808+0530","logger":"user_service","caller":"application/auth_service.go:44","message":"user created","service":"auth-service","environment":"dev","user_id":"257eeef2-b2de-4228-91e9-ed99fb2a293d"}
{"level":"info","timestamp":"2026-05-16T20:54:07.808+0530","logger":"auth_service","caller":"http/handler.go:30","message":"user registered","service":"auth-service","environment":"dev","user_id":"257eeef2-b2de-4228-91e9-ed99fb2a293d"}
{"level":"info","timestamp":"2026-05-16T20:57:55.189+0530","caller":"server/main.go:65","message":"Received shutdown signal","service":"auth-service","environment":"dev","signal":"interrupt"}
{"level":"info","timestamp":"2026-05-16T20:57:55.189+0530","caller":"server/main.go:65","message":"Shutting down HTTP server...","service":"auth-service","environment":"dev"}
{"level":"info","timestamp":"2026-05-16T20:57:55.189+0530","caller":"server/main.go:65","message":"HTTP server exited gracefully","service":"auth-service","environment":"dev"}
{"level":"info","timestamp":"2026-05-16T20:58:07.395+0530","caller":"runtime/asm_arm64.s:1447","message":"HTTP server starting","service":"auth-service","environment":"dev","addr":":8080"}
{"level":"info","timestamp":"2026-05-16T20:58:14.761+0530","caller":"gin@v1.12.0/context.go:192","message":"http_request","service":"auth-service","environment":"dev","request_id":"fe36ee72-25cb-4371-9110-26509b393d02","method":"POST","path":"/v1/auth/register","ip":"::1","status":409,"latency":"5.320833ms"}
{"level":"info","timestamp":"2026-05-16T20:58:19.337+0530","logger":"user_service","caller":"application/auth_service.go:44","message":"user created","service":"auth-service","environment":"dev","user_id":"3784ec34-5ec8-471e-adea-0a49e82fe4c6"}
{"level":"info","timestamp":"2026-05-16T20:58:19.339+0530","logger":"auth_service","caller":"http/handler.go:30","message":"user registered","service":"auth-service","environment":"dev","user_id":"3784ec34-5ec8-471e-adea-0a49e82fe4c6"}
{"level":"info","timestamp":"2026-05-16T20:58:19.339+0530","caller":"gin@v1.12.0/context.go:192","message":"http_request","service":"auth-service","environment":"dev","request_id":"4b418575-e60d-468f-9f19-958425f53d17","method":"POST","path":"/v1/auth/register","ip":"::1","status":201,"latency":"51.746458ms"}
{"level":"info","timestamp":"2026-05-16T20:58:21.852+0530","caller":"server/main.go:65","message":"Received shutdown signal","service":"auth-service","environment":"dev","signal":"interrupt"}
{"level":"info","timestamp":"2026-05-16T20:58:21.852+0530","caller":"server/main.go:65","message":"Shutting down HTTP server...","service":"auth-service","environment":"dev"}
{"level":"info","timestamp":"2026-05-16T20:58:21.852+0530","caller":"server/main.go:65","message":"HTTP server exited gracefully","service":"auth-service","environment":"dev"}
{"level":"info","timestamp":"2026-05-16T21:36:50.700+0530","caller":"runtime/asm_arm64.s:1447","message":"HTTP server starting","service":"auth-service","environment":"dev","addr":":8080"}
{"level":"info","timestamp":"2026-05-16T21:36:54.456+0530","logger":"user_service","caller":"application/auth_service.go:44","message":"user created","service":"auth-service","environment":"dev","user_id":"82808dc5-74f0-439f-9f79-723ace3e6731"}
{"level":"info","timestamp":"2026-05-16T21:36:54.458+0530","logger":"auth_service","caller":"http/handler.go:30","message":"user registered","service":"auth-service","environment":"dev","user_id":"82808dc5-74f0-439f-9f79-723ace3e6731"}
{"level":"info","timestamp":"2026-05-16T21:36:54.458+0530","caller":"gin@v1.12.0/context.go:192","message":"http_request","service":"auth-service","environment":"dev","request_id":"78a63d75-3e16-4af3-85f4-04b0e9d8ece1","method":"POST","path":"/v1/auth/register","ip":"::1","status":201,"latency":"89.692334ms"}
{"level":"info","timestamp":"2026-05-16T22:17:08.740+0530","caller":"server/main.go:65","message":"Received shutdown signal","service":"auth-service","environment":"dev","signal":"interrupt"}
{"level":"info","timestamp":"2026-05-16T22:17:08.740+0530","caller":"server/main.go:65","message":"Shutting down HTTP server...","service":"auth-service","environment":"dev"}
{"level":"info","timestamp":"2026-05-16T22:17:08.741+0530","caller":"server/main.go:65","message":"HTTP server exited gracefully","service":"auth-service","environment":"dev"}
{"level":"info","timestamp":"2026-05-16T22:17:13.686+0530","caller":"runtime/asm_arm64.s:1447","message":"HTTP server starting","service":"auth-service","environment":"dev","addr":":8080"}
{"level":"info","timestamp":"2026-05-16T22:17:25.306+0530","caller":"server/main.go:65","message":"Received shutdown signal","service":"auth-service","environment":"dev","signal":"interrupt"}
{"level":"info","timestamp":"2026-05-16T22:17:25.307+0530","caller":"server/main.go:65","message":"Shutting down HTTP server...","service":"auth-service","environment":"dev"}
{"level":"info","timestamp":"2026-05-16T22:17:25.307+0530","caller":"server/main.go:65","message":"HTTP server exited gracefully","service":"auth-service","environment":"dev"}
